Start testing: Oct 18 23:37 CDT
----------------------------------------------------------
1/3 Testing: test_time
1/3 Test: test_time
Command: "/Users/franksun/zodiac/packages/astrocore-rn/cpp/build/test_time"
Directory: /Users/franksun/zodiac/packages/astrocore-rn/cpp/build
"test_time" start time: Oct 18 23:37 CDT
Output:
----------------------------------------------------------
<end of output>
Test time =   0.12 sec
----------------------------------------------------------
Test Passed.
"test_time" end time: Oct 18 23:37 CDT
"test_time" time elapsed: 00:00:00
----------------------------------------------------------

2/3 Testing: test_transform
2/3 Test: test_transform
Command: "/Users/franksun/zodiac/packages/astrocore-rn/cpp/build/test_transform"
Directory: /Users/franksun/zodiac/packages/astrocore-rn/cpp/build
"test_transform" start time: Oct 18 23:37 CDT
Output:
----------------------------------------------------------
<end of output>
Test time =   0.08 sec
----------------------------------------------------------
Test Passed.
"test_transform" end time: Oct 18 23:37 CDT
"test_transform" time elapsed: 00:00:00
----------------------------------------------------------

3/3 Testing: test_engine
3/3 Test: test_engine
Command: "/Users/franksun/zodiac/packages/astrocore-rn/cpp/build/test_engine"
Directory: /Users/franksun/zodiac/packages/astrocore-rn/cpp/build
"test_engine" start time: Oct 18 23:37 CDT
Output:
----------------------------------------------------------
<end of output>
Test time =   0.08 sec
----------------------------------------------------------
Test Passed.
"test_engine" end time: Oct 18 23:37 CDT
"test_engine" time elapsed: 00:00:00
----------------------------------------------------------

End testing: Oct 18 23:37 CDT
